#
# There is insufficient memory for the Java Runtime Environment to continue.
# Native memory allocation (malloc) failed to allocate 660896 bytes for Chunk::new
# Possible reasons:
#   The system is out of physical RAM or swap space
#   In 32 bit mode, the process size limit was hit
# Possible solutions:
#   Reduce memory load on the system
#   Increase physical memory or swap space
#   Check if swap backing store is full
#   Use 64 bit Java on a 64 bit OS
#   Decrease Java heap size (-Xmx/-Xms)
#   Decrease number of Java threads
#   Decrease Java thread stack sizes (-Xss)
#   Set larger code cache with -XX:ReservedCodeCacheSize=
# This output file may be truncated or incomplete.
#
#  Out of Memory Error (allocation.cpp:390), pid=7688, tid=0x0000000000001568
#
# JRE version: OpenJDK Runtime Environment (8.0_152-b01) (build 1.8.0_152-release-915-b01)
# Java VM: OpenJDK 64-Bit Server VM (25.152-b01 mixed mode windows-amd64 compressed oops)
# Failed to write core dump. Minidumps are not enabled by default on client versions of Windows
#

---------------  T H R E A D  ---------------

Current thread (0x0000000016d1f800):  JavaThread "C2 CompilerThread1" daemon [_thread_in_native, id=5480, stack(0x00000000173d0000,0x00000000174d0000)]

Stack: [0x00000000173d0000,0x00000000174d0000]
[error occurred during error reporting (printing stack bounds), id 0xc0000005]

Native frames: (J=compiled Java code, j=interpreted, Vv=VM code, C=native code)


Current CompileTask:
C2:   1793  858 %     4       org.objectweb.asm.ClassReader::a @ 1360 (3587 bytes)


---------------  P R O C E S S  ---------------

Java Threads: ( => current thread )
  0x0000000016d38800 JavaThread "Service Thread" daemon [_thread_blocked, id=12452, stack(0x00000000175d0000,0x00000000176d0000)]
  0x0000000016d2a800 JavaThread "C1 CompilerThread2" daemon [_thread_blocked, id=5024, stack(0x00000000174d0000,0x00000000175d0000)]
=>0x0000000016d1f800 JavaThread "C2 CompilerThread1" daemon [_thread_in_native, id=5480, stack(0x00000000173d0000,0x00000000174d0000)]
  0x000000001595a800 JavaThread "C2 CompilerThread0" daemon [_thread_blocked, id=5104, stack(0x00000000172d0000,0x00000000173d0000)]
  0x0000000016cd8800 JavaThread "Attach Listener" daemon [_thread_blocked, id=12252, stack(0x00000000171d0000,0x00000000172d0000)]
  0x0000000015910000 JavaThread "Signal Dispatcher" daemon [_thread_blocked, id=4888, stack(0x00000000170d0000,0x00000000171d0000)]
  0x000000000556e000 JavaThread "Finalizer" daemon [_thread_blocked, id=12936, stack(0x0000000016b60000,0x0000000016c60000)]
  0x0000000005563800 JavaThread "Reference Handler" daemon [_thread_blocked, id=7328, stack(0x0000000016a60000,0x0000000016b60000)]
  0x0000000005474800 JavaThread "main" [_thread_in_Java, id=5924, stack(0x00000000052e0000,0x00000000053e0000)]

Other Threads:
  0x00000000158c6800 VMThread [stack: 0x0000000016960000,0x0000000016a60000] [id=12824]
  0x0000000016d30000 WatcherThread [stack: 0x00000000176d0000,0x00000000177d0000] [id=5548]

VM state:not at safepoint (normal execution)

VM Mutex/Monitor currently owned by a thread: None

Heap:
 PSYoungGen      total 18944K, used 3966K [0x00000000feb00000, 0x0000000100000000, 0x0000000100000000)
  eden space 16384K, 8% used [0x00000000feb00000,0x00000000fec5fda8,0x00000000ffb00000)
  from space 2560K, 99% used [0x00000000ffd80000,0x00000000fffffc20,0x0000000100000000)
  to   space 2560K, 0% used [0x00000000ffb00000,0x00000000ffb00000,0x00000000ffd80000)
 ParOldGen       total 44032K, used 5458K [0x00000000fc000000, 0x00000000feb00000, 0x00000000feb00000)
  object space 44032K, 12% used [0x00000000fc000000,0x00000000fc554a98,0x00000000feb00000)
 Metaspace       used 7554K, capacity 7724K, committed 7936K, reserved 1056768K
  class space    used 871K, capacity 956K, committed 1024K, reserved 1048576K

Card table byte_map: [0x0000000005410000,0x0000000005440000] byte_map_base: 0x0000000004c30000

Marking Bits: (ParMarkBitMap*) 0x0000000061283950
 Begin Bits: [0x0000000014d30000, 0x0000000014e30000)
 End Bits:   [0x0000000014e30000, 0x0000000014f30000)

Polling page: 0x00000000053e0000

CodeCache: size=245760Kb used=3408Kb max_used=3423Kb free=242351Kb
 bounds [0x0000000005570000, 0x00000000058d0000, 0x0000000014570000]
 total_blobs=1232 nmethods=898 adapters=248
 compilation: enabled

Compilation events (10 events):
Event: 1.741 Thread 0x000000001595a800  892   !   4       sun.nio.fs.WindowsPath::initOffsets (153 bytes)
Event: 1.750 Thread 0x0000000016d2a800  896       3       java.lang.AbstractStringBuilder::setLength (45 bytes)
Event: 1.750 Thread 0x0000000016d2a800 nmethod 896 0x00000000058c0d10 code [0x00000000058c0ee0, 0x00000000058c1678]
Event: 1.751 Thread 0x0000000016d2a800  897       3       sun.nio.fs.Util::followLinks (66 bytes)
Event: 1.751 Thread 0x0000000016d2a800 nmethod 897 0x00000000058c0550 code [0x00000000058c06e0, 0x00000000058c0af8]
Event: 1.755 Thread 0x0000000016d2a800  898       3       java.util.ArrayList::<init> (12 bytes)
Event: 1.755 Thread 0x0000000016d2a800 nmethod 898 0x00000000058c4050 code [0x00000000058c41c0, 0x00000000058c4450]
Event: 1.757 Thread 0x0000000016d2a800  899       3       java.nio.file.FileTreeIterator::next (49 bytes)
Event: 1.758 Thread 0x0000000016d2a800 nmethod 899 0x00000000058c3850 code [0x00000000058c3a00, 0x00000000058c3e68]
Event: 1.768 Thread 0x000000001595a800 nmethod 892 0x00000000058c88d0 code [0x00000000058c8a80, 0x00000000058c9ab8]

GC Heap History (4 events):
Event: 0.858 GC heap before
{Heap before GC invocations=1 (full 0):
 PSYoungGen      total 18944K, used 16384K [0x00000000feb00000, 0x0000000100000000, 0x0000000100000000)
  eden space 16384K, 100% used [0x00000000feb00000,0x00000000ffb00000,0x00000000ffb00000)
  from space 2560K, 0% used [0x00000000ffd80000,0x00000000ffd80000,0x0000000100000000)
  to   space 2560K, 0% used [0x00000000ffb00000,0x00000000ffb00000,0x00000000ffd80000)
 ParOldGen       total 44032K, used 0K [0x00000000fc000000, 0x00000000feb00000, 0x00000000feb00000)
  object space 44032K, 0% used [0x00000000fc000000,0x00000000fc000000,0x00000000feb00000)
 Metaspace       used 6568K, capacity 6746K, committed 7040K, reserved 1056768K
  class space    used 770K, capacity 823K, committed 896K, reserved 1048576K
Event: 0.863 GC heap after
Heap after GC invocations=1 (full 0):
 PSYoungGen      total 18944K, used 2536K [0x00000000feb00000, 0x0000000100000000, 0x0000000100000000)
  eden space 16384K, 0% used [0x00000000feb00000,0x00000000feb00000,0x00000000ffb00000)
  from space 2560K, 99% used [0x00000000ffb00000,0x00000000ffd7a030,0x00000000ffd80000)
  to   space 2560K, 0% used [0x00000000ffd80000,0x00000000ffd80000,0x0000000100000000)
 ParOldGen       total 44032K, used 1863K [0x00000000fc000000, 0x00000000feb00000, 0x00000000feb00000)
  object space 44032K, 4% used [0x00000000fc000000,0x00000000fc1d1d90,0x00000000feb00000)
 Metaspace       used 6568K, capacity 6746K, committed 7040K, reserved 1056768K
  class space    used 770K, capacity 823K, committed 896K, reserved 1048576K
}
Event: 1.719 GC heap before
{Heap before GC invocations=2 (full 0):
 PSYoungGen      total 18944K, used 18920K [0x00000000feb00000, 0x0000000100000000, 0x0000000100000000)
  eden space 16384K, 100% used [0x00000000feb00000,0x00000000ffb00000,0x00000000ffb00000)
  from space 2560K, 99% used [0x00000000ffb00000,0x00000000ffd7a030,0x00000000ffd80000)
  to   space 2560K, 0% used [0x00000000ffd80000,0x00000000ffd80000,0x0000000100000000)
 ParOldGen       total 44032K, used 1863K [0x00000000fc000000, 0x00000000feb00000, 0x00000000feb00000)
  object space 44032K, 4% used [0x00000000fc000000,0x00000000fc1d1d90,0x00000000feb00000)
 Metaspace       used 7512K, capacity 7688K, committed 7936K, reserved 1056768K
  class space    used 865K, capacity 924K, committed 1024K, reserved 1048576K
Event: 1.727 GC heap after
Heap after GC invocations=2 (full 0):
 PSYoungGen      total 18944K, used 2559K [0x00000000feb00000, 0x0000000100000000, 0x0000000100000000)
  eden space 16384K, 0% used [0x00000000feb00000,0x00000000feb00000,0x00000000ffb00000)
  from space 2560K, 99% used [0x00000000ffd80000,0x00000000fffffc20,0x0000000100000000)
  to   space 2560K, 0% used [0x00000000ffb00000,0x00000000ffb00000,0x00000000ffd80000)
 ParOldGen       total 44032K, used 5458K [0x00000000fc000000, 0x00000000feb00000, 0x00000000feb00000)
  object space 44032K, 12% used [0x00000000fc000000,0x00000000fc554a98,0x00000000feb00000)
 Metaspace       used 7512K, capacity 7688K, committed 7936K, reserved 1056768K
  class space    used 865K, capacity 924K, committed 1024K, reserved 1048576K
}

Deoptimization events (10 events):
Event: 0.843 Thread 0x0000000005474800 Uncommon trap: reason=unstable_if action=reinterpret pc=0x000000000577865c method=java.util.zip.ZipFile$ZipEntryIterator.hasNext()Z @ 25
Event: 0.843 Thread 0x0000000005474800 Uncommon trap: reason=unstable_if action=reinterpret pc=0x000000000578792c method=java.util.zip.ZipCoder.decoder()Ljava/nio/charset/CharsetDecoder; @ 4
Event: 0.904 Thread 0x0000000005474800 Uncommon trap: reason=unstable_if action=reinterpret pc=0x000000000577e22c method=java.util.zip.ZipCoder.decoder()Ljava/nio/charset/CharsetDecoder; @ 4
Event: 0.905 Thread 0x0000000005474800 Uncommon trap: reason=unstable_if action=reinterpret pc=0x0000000005777458 method=java.util.zip.ZipCoder.decoder()Ljava/nio/charset/CharsetDecoder; @ 4
Event: 0.905 Thread 0x0000000005474800 Uncommon trap: reason=unstable_if action=reinterpret pc=0x0000000005773c00 method=java.util.zip.ZipCoder.decoder()Ljava/nio/charset/CharsetDecoder; @ 4
Event: 0.911 Thread 0x0000000005474800 Uncommon trap: reason=unstable_if action=reinterpret pc=0x00000000057919c8 method=java.util.HashMap$HashIterator.nextNode()Ljava/util/HashMap$Node; @ 74
Event: 1.030 Thread 0x0000000005474800 Uncommon trap: reason=unstable_if action=reinterpret pc=0x0000000005791588 method=java.util.HashMap$HashIterator.nextNode()Ljava/util/HashMap$Node; @ 74
Event: 1.274 Thread 0x0000000005474800 Uncommon trap: reason=unloaded action=reinterpret pc=0x000000000578bffc method=java.util.zip.ZipEntry.setExtra0([BZ)V @ 37
Event: 1.560 Thread 0x0000000005474800 Uncommon trap: reason=unstable_if action=reinterpret pc=0x000000000575d3f8 method=java.lang.String.<init>([CII)V @ 18
Event: 1.675 Thread 0x0000000005474800 Uncommon trap: reason=unstable_if action=reinterpret pc=0x0000000005873ed8 method=org.objectweb.asm.Item.a(Lorg/objectweb/asm/Item;)Z @ 345

Classes redefined (0 events):
No events

Internal exceptions (10 events):
Event: 0.985 Thread 0x0000000005474800 Exception <a 'sun/nio/fs/WindowsException'> (0x00000000ff14ae10) thrown at [D:\src\AOSP-openjdk-cygwin\jdk8u\hotspot\src\share\vm\prims\jni.cpp, line 709]
Event: 0.985 Thread 0x0000000005474800 Exception <a 'sun/nio/fs/WindowsException'> (0x00000000ff14b3c0) thrown at [D:\src\AOSP-openjdk-cygwin\jdk8u\hotspot\src\share\vm\prims\jni.cpp, line 709]
Event: 0.985 Thread 0x0000000005474800 Exception <a 'sun/nio/fs/WindowsException'> (0x00000000ff14bb70) thrown at [D:\src\AOSP-openjdk-cygwin\jdk8u\hotspot\src\share\vm\prims\jni.cpp, line 709]
Event: 1.070 Thread 0x0000000005474800 Exception <a 'sun/nio/fs/WindowsException'> (0x00000000ff150f48) thrown at [D:\src\AOSP-openjdk-cygwin\jdk8u\hotspot\src\share\vm\prims\jni.cpp, line 709]
Event: 1.364 Thread 0x0000000005474800 Exception <a 'sun/nio/fs/WindowsException'> (0x00000000ff6120b0) thrown at [D:\src\AOSP-openjdk-cygwin\jdk8u\hotspot\src\share\vm\prims\jni.cpp, line 709]
Event: 1.364 Thread 0x0000000005474800 Exception <a 'sun/nio/fs/WindowsException'> (0x00000000ff612638) thrown at [D:\src\AOSP-openjdk-cygwin\jdk8u\hotspot\src\share\vm\prims\jni.cpp, line 709]
Event: 1.572 Thread 0x0000000005474800 Exception <a 'sun/nio/fs/WindowsException'> (0x00000000ff743e60) thrown at [D:\src\AOSP-openjdk-cygwin\jdk8u\hotspot\src\share\vm\prims\jni.cpp, line 709]
Event: 1.572 Thread 0x0000000005474800 Exception <a 'sun/nio/fs/WindowsException'> (0x00000000ff744368) thrown at [D:\src\AOSP-openjdk-cygwin\jdk8u\hotspot\src\share\vm\prims\jni.cpp, line 709]
Event: 1.717 Thread 0x0000000005474800 Exception <a 'sun/nio/fs/WindowsException'> (0x00000000ffaf4bf8) thrown at [D:\src\AOSP-openjdk-cygwin\jdk8u\hotspot\src\share\vm\prims\jni.cpp, line 709]
Event: 1.717 Thread 0x0000000005474800 Exception <a 'sun/nio/fs/WindowsException'> (0x00000000ffaf5100) thrown at [D:\src\AOSP-openjdk-cygwin\jdk8u\hotspot\src\share\vm\prims\jni.cpp, line 709]

Events (10 events):
Event: 1.729 loading class com/google/common/io/ByteArrayDataOutput
Event: 1.729 loading class com/google/common/io/ByteArrayDataOutput done
Event: 1.730 loading class com/google/common/io/ByteArrayDataInput
Event: 1.730 loading class com/google/common/io/ByteArrayDataInput done
Event: 1.731 loading class org/objectweb/asm/tree/MethodNode$1
Event: 1.731 loading class org/objectweb/asm/tree/MethodNode$1 done
Event: 1.731 Executing VM operation: Deoptimize
Event: 1.732 Executing VM operation: Deoptimize done
Event: 1.736 loading class com/google/devtools/build/android/desugar/DirectoryOutputFileProvider
Event: 1.736 loading class com/google/devtools/build/android/desugar/DirectoryOutputFileProvider done


Dynamic libraries:
0x00007ff755a20000 - 0x00007ff755a51000 	D:\Program\android-studio\jre\bin\java.exe
0x00007ffc3f2b0000 - 0x00007ffc3f490000 	C:\WINDOWS\SYSTEM32\ntdll.dll
0x00007ffc3ec00000 - 0x00007ffc3ecae000 	C:\WINDOWS\System32\KERNEL32.DLL
0x00007ffc3c1a0000 - 0x00007ffc3c406000 	C:\WINDOWS\System32\KERNELBASE.dll
0x00007ffc3c850000 - 0x00007ffc3c8f1000 	C:\WINDOWS\System32\ADVAPI32.dll
0x00007ffc3ee70000 - 0x00007ffc3ef0d000 	C:\WINDOWS\System32\msvcrt.dll
0x00007ffc3cdb0000 - 0x00007ffc3ce0b000 	C:\WINDOWS\System32\sechost.dll
0x00007ffc3eae0000 - 0x00007ffc3ebff000 	C:\WINDOWS\System32\RPCRT4.dll
0x00007ffc3d160000 - 0x00007ffc3d2ee000 	C:\WINDOWS\System32\USER32.dll
0x00007ffc3b6b0000 - 0x00007ffc3b6d0000 	C:\WINDOWS\System32\win32u.dll
0x00007ffc3ce10000 - 0x00007ffc3ce38000 	C:\WINDOWS\System32\GDI32.dll
0x00007ffc3c410000 - 0x00007ffc3c5a4000 	C:\WINDOWS\System32\gdi32full.dll
0x00007ffc3b8b0000 - 0x00007ffc3b94b000 	C:\WINDOWS\System32\msvcp_win.dll
0x00007ffc3c0a0000 - 0x00007ffc3c196000 	C:\WINDOWS\System32\ucrtbase.dll
0x00007ffc31880000 - 0x00007ffc31ae9000 	C:\WINDOWS\WinSxS\amd64_microsoft.windows.common-controls_6595b64144ccf1df_6.0.16299.19_none_cc92fab02215da61\COMCTL32.dll
0x00007ffc3ce50000 - 0x00007ffc3d158000 	C:\WINDOWS\System32\combase.dll
0x00007ffc3b6d0000 - 0x00007ffc3b742000 	C:\WINDOWS\System32\bcryptPrimitives.dll
0x00007ffc3ecb0000 - 0x00007ffc3ecdd000 	C:\WINDOWS\System32\IMM32.DLL
0x0000000060900000 - 0x00000000609d2000 	D:\Program\android-studio\jre\jre\bin\msvcr100.dll
0x0000000060ac0000 - 0x00000000612fe000 	D:\Program\android-studio\jre\jre\bin\server\jvm.dll
0x00007ffc3eac0000 - 0x00007ffc3eac8000 	C:\WINDOWS\System32\PSAPI.DLL
0x00007ffc38b60000 - 0x00007ffc38b69000 	C:\WINDOWS\SYSTEM32\WSOCK32.dll
0x00007ffc3e9d0000 - 0x00007ffc3ea3c000 	C:\WINDOWS\System32\WS2_32.dll
0x00007ffc31170000 - 0x00007ffc31193000 	C:\WINDOWS\SYSTEM32\WINMM.dll
0x00007ffc31b00000 - 0x00007ffc31b0a000 	C:\WINDOWS\SYSTEM32\VERSION.dll
0x00007ffc31140000 - 0x00007ffc3116a000 	C:\WINDOWS\SYSTEM32\WINMMBASE.dll
0x00007ffc3b7b0000 - 0x00007ffc3b7fa000 	C:\WINDOWS\System32\cfgmgr32.dll
0x00007ffc38b50000 - 0x00007ffc38b5f000 	D:\Program\android-studio\jre\jre\bin\verify.dll
0x00007ffc36760000 - 0x00007ffc36789000 	D:\Program\android-studio\jre\jre\bin\java.dll
0x00007ffc302a0000 - 0x00007ffc302b6000 	D:\Program\android-studio\jre\jre\bin\zip.dll
0x00007ffc3d590000 - 0x00007ffc3e9c7000 	C:\WINDOWS\System32\SHELL32.dll
0x00007ffc3d2f0000 - 0x00007ffc3d396000 	C:\WINDOWS\System32\shcore.dll
0x00007ffc3b950000 - 0x00007ffc3c097000 	C:\WINDOWS\System32\windows.storage.dll
0x00007ffc3ea60000 - 0x00007ffc3eab1000 	C:\WINDOWS\System32\shlwapi.dll
0x00007ffc3b650000 - 0x00007ffc3b661000 	C:\WINDOWS\System32\kernel.appcore.dll
0x00007ffc3b600000 - 0x00007ffc3b64c000 	C:\WINDOWS\System32\powrprof.dll
0x00007ffc3b670000 - 0x00007ffc3b68b000 	C:\WINDOWS\System32\profapi.dll
0x00007ffc3b330000 - 0x00007ffc3b347000 	C:\WINDOWS\SYSTEM32\CRYPTSP.dll
0x00007ffc3a750000 - 0x00007ffc3a783000 	C:\WINDOWS\system32\rsaenh.dll
0x00007ffc3af30000 - 0x00007ffc3af55000 	C:\WINDOWS\SYSTEM32\bcrypt.dll
0x00007ffc3b530000 - 0x00007ffc3b559000 	C:\WINDOWS\SYSTEM32\USERENV.dll
0x00007ffc3ad00000 - 0x00007ffc3ad0b000 	C:\WINDOWS\SYSTEM32\CRYPTBASE.dll
0x00007ffc2d6a0000 - 0x00007ffc2d6ba000 	D:\Program\android-studio\jre\jre\bin\net.dll
0x00007ffc3ab40000 - 0x00007ffc3aba6000 	C:\WINDOWS\system32\mswsock.dll
0x00007ffc3a8d0000 - 0x00007ffc3a909000 	C:\WINDOWS\SYSTEM32\IPHLPAPI.DLL
0x00007ffc3ce40000 - 0x00007ffc3ce48000 	C:\WINDOWS\System32\NSI.dll
0x00007ffc34bc0000 - 0x00007ffc34bd6000 	C:\WINDOWS\SYSTEM32\dhcpcsvc6.DLL
0x00007ffc34c70000 - 0x00007ffc34c8a000 	C:\WINDOWS\SYSTEM32\dhcpcsvc.DLL
0x00007ffc2bfd0000 - 0x00007ffc2bfe1000 	D:\Program\android-studio\jre\jre\bin\nio.dll

VM Arguments:
jvm_args: -Djava.awt.headless=true -Xmx64M -Dfile.encoding=GBK -Duser.country=CN -Duser.language=zh -Duser.variant 
java_command: com.google.devtools.build.android.desugar.Desugar --input C:\Users\torri\Desktop\GankIo\app\build\intermediates\transforms\stackFramesFixer\debug\11.jar --output C:\Users\torri\Desktop\GankIo\app\build\intermediates\transforms\desugar\debug\12.jar --input C:\Users\torri\Desktop\GankIo\app\build\intermediates\transforms\stackFramesFixer\debug\30.jar --output C:\Users\torri\Desktop\GankIo\app\build\intermediates\transforms\desugar\debug\31.jar --input C:\Users\torri\Desktop\GankIo\app\build\intermediates\transforms\stackFramesFixer\debug\36.jar --output C:\Users\torri\Desktop\GankIo\app\build\intermediates\transforms\desugar\debug\37.jar --input C:\Users\torri\Desktop\GankIo\app\build\intermediates\classes\debug --output C:\Users\torri\Desktop\GankIo\app\build\intermediates\transforms\desugar\debug\0 --input C:\Users\torri\Desktop\GankIo\app\build\intermediates\transforms\stackFramesFixer\debug\39.jar --output C:\Users\torri\Desktop\GankIo\app\build\intermediates\transforms\desugar\debug\40.jar --input C:\Users\torri\Desktop\GankIo\app\build\intermediates\transforms\stackFramesFixer\debug\27.jar --output C:\Users\torri\Desktop\GankIo\app\build\intermediates\transforms\desugar\debug\28.jar --input C:\Users\torri\Desktop\GankIo\app\build\intermediates\transforms\stackFramesFixer\debug\13.jar --output C:\Users\torri\Desktop\GankIo\app\build\intermediates\transforms\desugar\debug\14.jar --input C:\Users\torri\Desktop\GankIo\app\build\intermediates\transforms\stackFramesFixer\debug\6.jar --output C:\Users\torri\Desktop\GankIo\app\build\intermediates\transforms\desugar\debug\7.jar --input C:\Users\torri\Desktop\GankIo\app\build\intermediates\transforms\stackFramesFixer\debug\34.jar --output C:\Users\torri\Desktop\GankIo\app\build\intermediates\transforms\desugar\debug\35.jar --input C:\Users\torri\Desktop\GankIo\app\build\intermediates\transforms\stackFramesFixer\debug\33.jar --output C:\Users\torri\Desktop\GankIo\app\build\intermediates\transforms\desugar\d
java_class_path (initial): C:\Users\torri\AppData\Local\Temp\desugar_deploy.jar7978822345083427719
Launcher Type: SUN_STANDARD

Environment Variables:
PATH=C:\Program Files\Python36\Scripts\;C:\Program Files\Python36\;C:\WINDOWS\system32;C:\WINDOWS;C:\WINDOWS\System32\Wbem;C:\WINDOWS\System32\WindowsPowerShell\v1.0\;C:\Program Files\Microsoft SQL Server\130\Tools\Binn\;C:\Program Files\dotnet\;C:\Program Files\Git\cmd;C:\Users\torri\AppData\Local\Microsoft\WindowsApps;
USERNAME=torri
OS=Windows_NT
PROCESSOR_IDENTIFIER=Intel64 Family 6 Model 142 Stepping 9, GenuineIntel



---------------  S Y S T E M  ---------------

OS: Windows 10.0 , 64 bit Build 16299 (10.0.16299.15)

CPU:total 4 (initial active 4) (2 cores per cpu, 2 threads per core) family 6 model 142 stepping 9, cmov, cx8, fxsr, mmx, sse, sse2, sse3, ssse3, sse4.1, sse4.2, popcnt, avx, avx2, aes, clmul, erms, 3dnowpref, lzcnt, ht, tsc, tscinvbit, bmi1, bmi2, adx

Memory: 4k page, physical 8295636k(1167996k free), swap 10392788k(3592k free)

vm_info: OpenJDK 64-Bit Server VM (25.152-b01) for windows-amd64 JRE (1.8.0_152-release-915-b01), built by "builder" with MS VC++ 10.0 (VS2010)

time: Fri Oct 27 17:31:47 2017
elapsed time: 1 seconds (0d 0h 0m 1s)

