#
# There is insufficient memory for the Java Runtime Environment to continue.
# Native memory allocation (malloc) failed to allocate 577216 bytes for Chunk::new
# Possible reasons:
#   The system is out of physical RAM or swap space
#   In 32 bit mode, the process size limit was hit
# Possible solutions:
#   Reduce memory load on the system
#   Increase physical memory or swap space
#   Check if swap backing store is full
#   Use 64 bit Java on a 64 bit OS
#   Decrease Java heap size (-Xmx/-Xms)
#   Decrease number of Java threads
#   Decrease Java thread stack sizes (-Xss)
#   Set larger code cache with -XX:ReservedCodeCacheSize=
# This output file may be truncated or incomplete.
#
#  Out of Memory Error (allocation.cpp:390), pid=9284, tid=0x0000000000000ef8
#
# JRE version: OpenJDK Runtime Environment (8.0_152-b01) (build 1.8.0_152-release-915-b01)
# Java VM: OpenJDK 64-Bit Server VM (25.152-b01 mixed mode windows-amd64 compressed oops)
# Failed to write core dump. Minidumps are not enabled by default on client versions of Windows
#

---------------  T H R E A D  ---------------

Current thread (0x000000001576a800):  JavaThread "C2 CompilerThread0" daemon [_thread_in_native, id=3832, stack(0x00000000170e0000,0x00000000171e0000)]

Stack: [0x00000000170e0000,0x00000000171e0000]
[error occurred during error reporting (printing stack bounds), id 0xc0000005]

Native frames: (J=compiled Java code, j=interpreted, Vv=VM code, C=native code)


Current CompileTask:
C2:   1780  892 %     4       org.objectweb.asm.ClassReader::a @ 1480 (3587 bytes)


---------------  P R O C E S S  ---------------

Java Threads: ( => current thread )
  0x0000000016b40000 JavaThread "Service Thread" daemon [_thread_blocked, id=6504, stack(0x00000000173e0000,0x00000000174e0000)]
  0x0000000016b3a800 JavaThread "C1 CompilerThread2" daemon [_thread_in_native, id=14160, stack(0x00000000172e0000,0x00000000173e0000)]
  0x0000000016b2f800 JavaThread "C2 CompilerThread1" daemon [_thread_blocked, id=7992, stack(0x00000000171e0000,0x00000000172e0000)]
=>0x000000001576a800 JavaThread "C2 CompilerThread0" daemon [_thread_in_native, id=3832, stack(0x00000000170e0000,0x00000000171e0000)]
  0x0000000016ae8800 JavaThread "Attach Listener" daemon [_thread_blocked, id=10652, stack(0x0000000016fe0000,0x00000000170e0000)]
  0x0000000015720000 JavaThread "Signal Dispatcher" daemon [_thread_blocked, id=6996, stack(0x0000000016ee0000,0x0000000016fe0000)]
  0x000000000532e000 JavaThread "Finalizer" daemon [_thread_blocked, id=3280, stack(0x0000000016970000,0x0000000016a70000)]
  0x0000000005323800 JavaThread "Reference Handler" daemon [_thread_blocked, id=8820, stack(0x0000000016870000,0x0000000016970000)]
  0x0000000005234800 JavaThread "main" [_thread_in_Java, id=6624, stack(0x0000000005030000,0x0000000005130000)]

Other Threads:
  0x00000000156d6000 VMThread [stack: 0x0000000016770000,0x0000000016870000] [id=11496]
  0x0000000016b43800 WatcherThread [stack: 0x00000000174e0000,0x00000000175e0000] [id=12648]

VM state:not at safepoint (normal execution)

VM Mutex/Monitor currently owned by a thread: None

Heap:
 PSYoungGen      total 18944K, used 4257K [0x00000000feb00000, 0x0000000100000000, 0x0000000100000000)
  eden space 16384K, 10% used [0x00000000feb00000,0x00000000fecafc00,0x00000000ffb00000)
  from space 2560K, 98% used [0x00000000ffd80000,0x00000000ffff8810,0x0000000100000000)
  to   space 2560K, 0% used [0x00000000ffb00000,0x00000000ffb00000,0x00000000ffd80000)
 ParOldGen       total 44032K, used 5394K [0x00000000fc000000, 0x00000000feb00000, 0x00000000feb00000)
  object space 44032K, 12% used [0x00000000fc000000,0x00000000fc544978,0x00000000feb00000)
 Metaspace       used 7588K, capacity 7720K, committed 7936K, reserved 1056768K
  class space    used 872K, capacity 956K, committed 1024K, reserved 1048576K

Card table byte_map: [0x00000000146f0000,0x0000000014720000] byte_map_base: 0x0000000013f10000

Marking Bits: (ParMarkBitMap*) 0x0000000061283950
 Begin Bits: [0x0000000014b40000, 0x0000000014c40000)
 End Bits:   [0x0000000014c40000, 0x0000000014d40000)

Polling page: 0x0000000004ff0000

CodeCache: size=245760Kb used=3480Kb max_used=3485Kb free=242279Kb
 bounds [0x0000000005330000, 0x00000000056a0000, 0x0000000014330000]
 total_blobs=1257 nmethods=923 adapters=248
 compilation: enabled

Compilation events (10 events):
Event: 1.775 Thread 0x0000000016b3a800 nmethod 910 0x00000000056870d0 code [0x0000000005687260, 0x0000000005687718]
Event: 1.775 Thread 0x0000000016b3a800  913       3       org.objectweb.asm.MethodVisitor::visitLdcInsn (16 bytes)
Event: 1.775 Thread 0x0000000016b3a800 nmethod 913 0x0000000005686c10 code [0x0000000005686d80, 0x0000000005686fe8]
Event: 1.775 Thread 0x0000000016b3a800  914       3       org.objectweb.asm.tree.MethodNode::visitLdcInsn (16 bytes)
Event: 1.775 Thread 0x0000000016b3a800 nmethod 914 0x0000000005686590 code [0x0000000005686720, 0x0000000005686a68]
Event: 1.775 Thread 0x0000000016b3a800  916       3       org.objectweb.asm.ClassWriter::a (313 bytes)
Event: 1.777 Thread 0x0000000016b3a800 nmethod 916 0x000000000568fd90 code [0x0000000005690260, 0x0000000005693a28]
Event: 1.777 Thread 0x0000000016b3a800  915       3       org.objectweb.asm.tree.LdcInsnNode::<init> (12 bytes)
Event: 1.778 Thread 0x0000000016b3a800 nmethod 915 0x0000000005686110 code [0x0000000005686280, 0x00000000056864b0]
Event: 1.778 Thread 0x0000000016b3a800  917       3       org.objectweb.asm.tree.LdcInsnNode::accept (14 bytes)

GC Heap History (4 events):
Event: 0.892 GC heap before
{Heap before GC invocations=1 (full 0):
 PSYoungGen      total 18944K, used 16384K [0x00000000feb00000, 0x0000000100000000, 0x0000000100000000)
  eden space 16384K, 100% used [0x00000000feb00000,0x00000000ffb00000,0x00000000ffb00000)
  from space 2560K, 0% used [0x00000000ffd80000,0x00000000ffd80000,0x0000000100000000)
  to   space 2560K, 0% used [0x00000000ffb00000,0x00000000ffb00000,0x00000000ffd80000)
 ParOldGen       total 44032K, used 0K [0x00000000fc000000, 0x00000000feb00000, 0x00000000feb00000)
  object space 44032K, 0% used [0x00000000fc000000,0x00000000fc000000,0x00000000feb00000)
 Metaspace       used 6540K, capacity 6682K, committed 6784K, reserved 1056768K
  class space    used 770K, capacity 823K, committed 896K, reserved 1048576K
Event: 0.927 GC heap after
Heap after GC invocations=1 (full 0):
 PSYoungGen      total 18944K, used 2536K [0x00000000feb00000, 0x0000000100000000, 0x0000000100000000)
  eden space 16384K, 0% used [0x00000000feb00000,0x00000000feb00000,0x00000000ffb00000)
  from space 2560K, 99% used [0x00000000ffb00000,0x00000000ffd7a030,0x00000000ffd80000)
  to   space 2560K, 0% used [0x00000000ffd80000,0x00000000ffd80000,0x0000000100000000)
 ParOldGen       total 44032K, used 1886K [0x00000000fc000000, 0x00000000feb00000, 0x00000000feb00000)
  object space 44032K, 4% used [0x00000000fc000000,0x00000000fc1d7b08,0x00000000feb00000)
 Metaspace       used 6540K, capacity 6682K, committed 6784K, reserved 1056768K
  class space    used 770K, capacity 823K, committed 896K, reserved 1048576K
}
Event: 1.692 GC heap before
{Heap before GC invocations=2 (full 0):
 PSYoungGen      total 18944K, used 18920K [0x00000000feb00000, 0x0000000100000000, 0x0000000100000000)
  eden space 16384K, 100% used [0x00000000feb00000,0x00000000ffb00000,0x00000000ffb00000)
  from space 2560K, 99% used [0x00000000ffb00000,0x00000000ffd7a030,0x00000000ffd80000)
  to   space 2560K, 0% used [0x00000000ffd80000,0x00000000ffd80000,0x0000000100000000)
 ParOldGen       total 44032K, used 1886K [0x00000000fc000000, 0x00000000feb00000, 0x00000000feb00000)
  object space 44032K, 4% used [0x00000000fc000000,0x00000000fc1d7b08,0x00000000feb00000)
 Metaspace       used 7512K, capacity 7656K, committed 7936K, reserved 1056768K
  class space    used 872K, capacity 956K, committed 1024K, reserved 1048576K
Event: 1.727 GC heap after
Heap after GC invocations=2 (full 0):
 PSYoungGen      total 18944K, used 2530K [0x00000000feb00000, 0x0000000100000000, 0x0000000100000000)
  eden space 16384K, 0% used [0x00000000feb00000,0x00000000feb00000,0x00000000ffb00000)
  from space 2560K, 98% used [0x00000000ffd80000,0x00000000ffff8810,0x0000000100000000)
  to   space 2560K, 0% used [0x00000000ffb00000,0x00000000ffb00000,0x00000000ffd80000)
 ParOldGen       total 44032K, used 5394K [0x00000000fc000000, 0x00000000feb00000, 0x00000000feb00000)
  object space 44032K, 12% used [0x00000000fc000000,0x00000000fc544978,0x00000000feb00000)
 Metaspace       used 7512K, capacity 7656K, committed 7936K, reserved 1056768K
  class space    used 872K, capacity 956K, committed 1024K, reserved 1048576K
}

Deoptimization events (10 events):
Event: 0.872 Thread 0x0000000005234800 Uncommon trap: reason=unstable_if action=reinterpret pc=0x0000000005512518 method=java.util.zip.ZipEntry.setExtra0([BZ)V @ 1
Event: 0.873 Thread 0x0000000005234800 Uncommon trap: reason=unstable_if action=reinterpret pc=0x0000000005534cc8 method=java.util.zip.ZipFile$ZipEntryIterator.hasNext()Z @ 25
Event: 0.874 Thread 0x0000000005234800 Uncommon trap: reason=unstable_if action=reinterpret pc=0x000000000553e5b8 method=java.util.zip.ZipCoder.decoder()Ljava/nio/charset/CharsetDecoder; @ 4
Event: 0.875 Thread 0x0000000005234800 Uncommon trap: reason=unstable_if action=reinterpret pc=0x00000000055345dc method=java.util.zip.ZipFile$ZipEntryIterator.hasNext()Z @ 25
Event: 0.875 Thread 0x0000000005234800 Uncommon trap: reason=unstable_if action=reinterpret pc=0x00000000055397ac method=java.util.zip.ZipCoder.decoder()Ljava/nio/charset/CharsetDecoder; @ 4
Event: 0.948 Thread 0x0000000005234800 Uncommon trap: reason=unstable_if action=reinterpret pc=0x0000000005545c2c method=java.util.zip.ZipCoder.decoder()Ljava/nio/charset/CharsetDecoder; @ 4
Event: 0.949 Thread 0x0000000005234800 Uncommon trap: reason=unstable_if action=reinterpret pc=0x0000000005537658 method=java.util.zip.ZipCoder.decoder()Ljava/nio/charset/CharsetDecoder; @ 4
Event: 0.949 Thread 0x0000000005234800 Uncommon trap: reason=unstable_if action=reinterpret pc=0x0000000005535600 method=java.util.zip.ZipCoder.decoder()Ljava/nio/charset/CharsetDecoder; @ 4
Event: 1.180 Thread 0x0000000005234800 Uncommon trap: reason=unloaded action=reinterpret pc=0x000000000554a63c method=java.util.zip.ZipEntry.setExtra0([BZ)V @ 37
Event: 1.444 Thread 0x0000000005234800 Uncommon trap: reason=unstable_if action=reinterpret pc=0x0000000005519c38 method=java.lang.String.<init>([CII)V @ 18

Classes redefined (0 events):
No events

Internal exceptions (10 events):
Event: 1.052 Thread 0x0000000005234800 Exception <a 'sun/nio/fs/WindowsException'> (0x00000000ff14aa20) thrown at [D:\src\AOSP-openjdk-cygwin\jdk8u\hotspot\src\share\vm\prims\jni.cpp, line 709]
Event: 1.058 Thread 0x0000000005234800 Exception <a 'sun/nio/fs/WindowsException'> (0x00000000ff14fdf8) thrown at [D:\src\AOSP-openjdk-cygwin\jdk8u\hotspot\src\share\vm\prims\jni.cpp, line 709]
Event: 1.205 Thread 0x0000000005234800 Exception <a 'sun/nio/fs/WindowsException'> (0x00000000ff610b70) thrown at [D:\src\AOSP-openjdk-cygwin\jdk8u\hotspot\src\share\vm\prims\jni.cpp, line 709]
Event: 1.258 Thread 0x0000000005234800 Exception <a 'sun/nio/fs/WindowsException'> (0x00000000ff6110f8) thrown at [D:\src\AOSP-openjdk-cygwin\jdk8u\hotspot\src\share\vm\prims\jni.cpp, line 709]
Event: 1.407 Thread 0x0000000005234800 Exception <a 'sun/nio/fs/WindowsException'> (0x00000000ff714bd0) thrown at [D:\src\AOSP-openjdk-cygwin\jdk8u\hotspot\src\share\vm\prims\jni.cpp, line 709]
Event: 1.407 Thread 0x0000000005234800 Exception <a 'sun/nio/fs/WindowsException'> (0x00000000ff7150d8) thrown at [D:\src\AOSP-openjdk-cygwin\jdk8u\hotspot\src\share\vm\prims\jni.cpp, line 709]
Event: 1.451 Thread 0x0000000005234800 Exception <a 'sun/nio/fs/WindowsException'> (0x00000000ff7a2468) thrown at [D:\src\AOSP-openjdk-cygwin\jdk8u\hotspot\src\share\vm\prims\jni.cpp, line 709]
Event: 1.451 Thread 0x0000000005234800 Exception <a 'sun/nio/fs/WindowsException'> (0x00000000ff7a2970) thrown at [D:\src\AOSP-openjdk-cygwin\jdk8u\hotspot\src\share\vm\prims\jni.cpp, line 709]
Event: 1.638 Thread 0x0000000005234800 Exception <a 'sun/nio/fs/WindowsException'> (0x00000000ffafb180) thrown at [D:\src\AOSP-openjdk-cygwin\jdk8u\hotspot\src\share\vm\prims\jni.cpp, line 709]
Event: 1.639 Thread 0x0000000005234800 Exception <a 'sun/nio/fs/WindowsException'> (0x00000000ffafb688) thrown at [D:\src\AOSP-openjdk-cygwin\jdk8u\hotspot\src\share\vm\prims\jni.cpp, line 709]

Events (10 events):
Event: 1.444 Thread 0x0000000005234800 DEOPT PACKING pc=0x0000000005519c38 sp=0x000000000512ea90
Event: 1.445 Thread 0x0000000005234800 DEOPT UNPACKING pc=0x000000000537556a sp=0x000000000512ea58 mode 2
Event: 1.457 loading class org/objectweb/asm/tree/TryCatchBlockNode
Event: 1.457 loading class org/objectweb/asm/tree/TryCatchBlockNode done
Event: 1.458 loading class org/objectweb/asm/Handler
Event: 1.458 loading class org/objectweb/asm/Handler done
Event: 1.551 loading class org/objectweb/asm/Opcodes
Event: 1.551 loading class org/objectweb/asm/Opcodes done
Event: 1.692 Executing VM operation: ParallelGCFailedAllocation
Event: 1.727 Executing VM operation: ParallelGCFailedAllocation done


Dynamic libraries:
0x00007ff755a20000 - 0x00007ff755a51000 	D:\Program\android-studio\jre\bin\java.exe
0x00007ffc3f2b0000 - 0x00007ffc3f490000 	C:\WINDOWS\SYSTEM32\ntdll.dll
0x00007ffc3ec00000 - 0x00007ffc3ecae000 	C:\WINDOWS\System32\KERNEL32.DLL
0x00007ffc3c1a0000 - 0x00007ffc3c406000 	C:\WINDOWS\System32\KERNELBASE.dll
0x00007ffc3c850000 - 0x00007ffc3c8f1000 	C:\WINDOWS\System32\ADVAPI32.dll
0x00007ffc3ee70000 - 0x00007ffc3ef0d000 	C:\WINDOWS\System32\msvcrt.dll
0x00007ffc3cdb0000 - 0x00007ffc3ce0b000 	C:\WINDOWS\System32\sechost.dll
0x00007ffc3eae0000 - 0x00007ffc3ebff000 	C:\WINDOWS\System32\RPCRT4.dll
0x00007ffc3d160000 - 0x00007ffc3d2ee000 	C:\WINDOWS\System32\USER32.dll
0x00007ffc3b6b0000 - 0x00007ffc3b6d0000 	C:\WINDOWS\System32\win32u.dll
0x00007ffc3ce10000 - 0x00007ffc3ce38000 	C:\WINDOWS\System32\GDI32.dll
0x00007ffc3c410000 - 0x00007ffc3c5a4000 	C:\WINDOWS\System32\gdi32full.dll
0x00007ffc3b8b0000 - 0x00007ffc3b94b000 	C:\WINDOWS\System32\msvcp_win.dll
0x00007ffc3c0a0000 - 0x00007ffc3c196000 	C:\WINDOWS\System32\ucrtbase.dll
0x00007ffc31880000 - 0x00007ffc31ae9000 	C:\WINDOWS\WinSxS\amd64_microsoft.windows.common-controls_6595b64144ccf1df_6.0.16299.19_none_cc92fab02215da61\COMCTL32.dll
0x00007ffc3ce50000 - 0x00007ffc3d158000 	C:\WINDOWS\System32\combase.dll
0x00007ffc3b6d0000 - 0x00007ffc3b742000 	C:\WINDOWS\System32\bcryptPrimitives.dll
0x00007ffc3ecb0000 - 0x00007ffc3ecdd000 	C:\WINDOWS\System32\IMM32.DLL
0x0000000060900000 - 0x00000000609d2000 	D:\Program\android-studio\jre\jre\bin\msvcr100.dll
0x0000000060ac0000 - 0x00000000612fe000 	D:\Program\android-studio\jre\jre\bin\server\jvm.dll
0x00007ffc3eac0000 - 0x00007ffc3eac8000 	C:\WINDOWS\System32\PSAPI.DLL
0x00007ffc38b60000 - 0x00007ffc38b69000 	C:\WINDOWS\SYSTEM32\WSOCK32.dll
0x00007ffc3e9d0000 - 0x00007ffc3ea3c000 	C:\WINDOWS\System32\WS2_32.dll
0x00007ffc31170000 - 0x00007ffc31193000 	C:\WINDOWS\SYSTEM32\WINMM.dll
0x00007ffc31b00000 - 0x00007ffc31b0a000 	C:\WINDOWS\SYSTEM32\VERSION.dll
0x00007ffc31140000 - 0x00007ffc3116a000 	C:\WINDOWS\SYSTEM32\WINMMBASE.dll
0x00007ffc3b7b0000 - 0x00007ffc3b7fa000 	C:\WINDOWS\System32\cfgmgr32.dll
0x00007ffc38b50000 - 0x00007ffc38b5f000 	D:\Program\android-studio\jre\jre\bin\verify.dll
0x00007ffc36760000 - 0x00007ffc36789000 	D:\Program\android-studio\jre\jre\bin\java.dll
0x00007ffc302a0000 - 0x00007ffc302b6000 	D:\Program\android-studio\jre\jre\bin\zip.dll
0x00007ffc3d590000 - 0x00007ffc3e9c7000 	C:\WINDOWS\System32\SHELL32.dll
0x00007ffc3d2f0000 - 0x00007ffc3d396000 	C:\WINDOWS\System32\shcore.dll
0x00007ffc3b950000 - 0x00007ffc3c097000 	C:\WINDOWS\System32\windows.storage.dll
0x00007ffc3ea60000 - 0x00007ffc3eab1000 	C:\WINDOWS\System32\shlwapi.dll
0x00007ffc3b650000 - 0x00007ffc3b661000 	C:\WINDOWS\System32\kernel.appcore.dll
0x00007ffc3b600000 - 0x00007ffc3b64c000 	C:\WINDOWS\System32\powrprof.dll
0x00007ffc3b670000 - 0x00007ffc3b68b000 	C:\WINDOWS\System32\profapi.dll
0x00007ffc3b330000 - 0x00007ffc3b347000 	C:\WINDOWS\SYSTEM32\CRYPTSP.dll
0x00007ffc3a750000 - 0x00007ffc3a783000 	C:\WINDOWS\system32\rsaenh.dll
0x00007ffc3af30000 - 0x00007ffc3af55000 	C:\WINDOWS\SYSTEM32\bcrypt.dll
0x00007ffc3b530000 - 0x00007ffc3b559000 	C:\WINDOWS\SYSTEM32\USERENV.dll
0x00007ffc3ad00000 - 0x00007ffc3ad0b000 	C:\WINDOWS\SYSTEM32\CRYPTBASE.dll
0x00007ffc2d6a0000 - 0x00007ffc2d6ba000 	D:\Program\android-studio\jre\jre\bin\net.dll
0x00007ffc3ab40000 - 0x00007ffc3aba6000 	C:\WINDOWS\system32\mswsock.dll
0x00007ffc3a8d0000 - 0x00007ffc3a909000 	C:\WINDOWS\SYSTEM32\IPHLPAPI.DLL
0x00007ffc3ce40000 - 0x00007ffc3ce48000 	C:\WINDOWS\System32\NSI.dll
0x00007ffc34bc0000 - 0x00007ffc34bd6000 	C:\WINDOWS\SYSTEM32\dhcpcsvc6.DLL
0x00007ffc34c70000 - 0x00007ffc34c8a000 	C:\WINDOWS\SYSTEM32\dhcpcsvc.DLL
0x00007ffc2bfd0000 - 0x00007ffc2bfe1000 	D:\Program\android-studio\jre\jre\bin\nio.dll

VM Arguments:
jvm_args: -Djava.awt.headless=true -Xmx64M -Dfile.encoding=GBK -Duser.country=CN -Duser.language=zh -Duser.variant 
java_command: com.google.devtools.build.android.desugar.Desugar --input C:\Users\torri\Desktop\GankIo\app\build\intermediates\transforms\stackFramesFixer\debug\41.jar --output C:\Users\torri\Desktop\GankIo\app\build\intermediates\transforms\desugar\debug\42.jar --input C:\Users\torri\Desktop\GankIo\app\build\intermediates\transforms\stackFramesFixer\debug\17.jar --output C:\Users\torri\Desktop\GankIo\app\build\intermediates\transforms\desugar\debug\18.jar --input C:\Users\torri\Desktop\GankIo\app\build\intermediates\transforms\stackFramesFixer\debug\9.jar --output C:\Users\torri\Desktop\GankIo\app\build\intermediates\transforms\desugar\debug\10.jar --input C:\Users\torri\Desktop\GankIo\app\build\intermediates\transforms\stackFramesFixer\debug\28.jar --output C:\Users\torri\Desktop\GankIo\app\build\intermediates\transforms\desugar\debug\29.jar --input C:\Users\torri\Desktop\GankIo\app\build\intermediates\transforms\stackFramesFixer\debug\14.jar --output C:\Users\torri\Desktop\GankIo\app\build\intermediates\transforms\desugar\debug\15.jar --input C:\Users\torri\Desktop\GankIo\app\build\intermediates\transforms\stackFramesFixer\debug\20.jar --output C:\Users\torri\Desktop\GankIo\app\build\intermediates\transforms\desugar\debug\21.jar --input C:\Users\torri\Desktop\GankIo\app\build\intermediates\transforms\stackFramesFixer\debug\19.jar --output C:\Users\torri\Desktop\GankIo\app\build\intermediates\transforms\desugar\debug\20.jar --input C:\Users\torri\Desktop\GankIo\app\build\intermediates\transforms\stackFramesFixer\debug\5.jar --output C:\Users\torri\Desktop\GankIo\app\build\intermediates\transforms\desugar\debug\6.jar --input C:\Users\torri\Desktop\GankIo\app\build\intermediates\transforms\stackFramesFixer\debug\21.jar --output C:\Users\torri\Desktop\GankIo\app\build\intermediates\transforms\desugar\debug\22.jar --input C:\Users\torri\Desktop\GankIo\app\build\intermediates\transforms\stackFramesFixer\debug\32.jar --output C:\Users\torri\Desktop\GankIo\app\build\int
java_class_path (initial): C:\Users\torri\AppData\Local\Temp\desugar_deploy.jar7978822345083427719
Launcher Type: SUN_STANDARD

Environment Variables:
PATH=C:\Program Files\Python36\Scripts\;C:\Program Files\Python36\;C:\WINDOWS\system32;C:\WINDOWS;C:\WINDOWS\System32\Wbem;C:\WINDOWS\System32\WindowsPowerShell\v1.0\;C:\Program Files\Microsoft SQL Server\130\Tools\Binn\;C:\Program Files\dotnet\;C:\Program Files\Git\cmd;C:\Users\torri\AppData\Local\Microsoft\WindowsApps;
USERNAME=torri
OS=Windows_NT
PROCESSOR_IDENTIFIER=Intel64 Family 6 Model 142 Stepping 9, GenuineIntel



---------------  S Y S T E M  ---------------

OS: Windows 10.0 , 64 bit Build 16299 (10.0.16299.15)

CPU:total 4 (initial active 4) (2 cores per cpu, 2 threads per core) family 6 model 142 stepping 9, cmov, cx8, fxsr, mmx, sse, sse2, sse3, ssse3, sse4.1, sse4.2, popcnt, avx, avx2, aes, clmul, erms, 3dnowpref, lzcnt, ht, tsc, tscinvbit, bmi1, bmi2, adx

Memory: 4k page, physical 8295636k(1167784k free), swap 10392788k(4148k free)

vm_info: OpenJDK 64-Bit Server VM (25.152-b01) for windows-amd64 JRE (1.8.0_152-release-915-b01), built by "builder" with MS VC++ 10.0 (VS2010)

time: Fri Oct 27 17:31:47 2017
elapsed time: 1 seconds (0d 0h 0m 1s)

